mode: atomic
github.com/tunnelmesh/tunnelmesh/cmd/tunnelmesh-server/main.go:28.13,47.48 4 0
github.com/tunnelmesh/tunnelmesh/cmd/tunnelmesh-server/main.go:47.48,51.4 3 0
github.com/tunnelmesh/tunnelmesh/cmd/tunnelmesh-server/main.go:53.2,55.42 2 0
github.com/tunnelmesh/tunnelmesh/cmd/tunnelmesh-server/main.go:55.42,57.3 1 0
github.com/tunnelmesh/tunnelmesh/cmd/tunnelmesh-server/main.go:60.57,63.19 2 0
github.com/tunnelmesh/tunnelmesh/cmd/tunnelmesh-server/main.go:63.19,65.3 1 0
github.com/tunnelmesh/tunnelmesh/cmd/tunnelmesh-server/main.go:67.2,68.16 2 0
github.com/tunnelmesh/tunnelmesh/cmd/tunnelmesh-server/main.go:68.16,70.3 1 0
github.com/tunnelmesh/tunnelmesh/cmd/tunnelmesh-server/main.go:72.2,72.39 1 0
github.com/tunnelmesh/tunnelmesh/cmd/tunnelmesh-server/main.go:72.39,74.3 1 0
github.com/tunnelmesh/tunnelmesh/cmd/tunnelmesh-server/main.go:76.2,77.16 2 0
github.com/tunnelmesh/tunnelmesh/cmd/tunnelmesh-server/main.go:77.16,79.3 1 0
github.com/tunnelmesh/tunnelmesh/cmd/tunnelmesh-server/main.go:82.2,85.12 3 0
github.com/tunnelmesh/tunnelmesh/cmd/tunnelmesh-server/main.go:85.12,89.3 3 0
github.com/tunnelmesh/tunnelmesh/cmd/tunnelmesh-server/main.go:91.2,97.29 2 0
github.com/tunnelmesh/tunnelmesh/cmd/tunnelmesh-server/main.go:100.21,104.16 3 0
github.com/tunnelmesh/tunnelmesh/cmd/tunnelmesh-server/main.go:104.16,106.3 1 0
github.com/tunnelmesh/tunnelmesh/cmd/tunnelmesh-server/main.go:107.2,110.64 2 0
github.com/tunnelmesh/tunnelmesh/cmd/tunnelmesh/main.go:36.13,98.48 17 0
github.com/tunnelmesh/tunnelmesh/cmd/tunnelmesh/main.go:98.48,102.4 3 0
github.com/tunnelmesh/tunnelmesh/cmd/tunnelmesh/main.go:104.2,114.42 4 0
github.com/tunnelmesh/tunnelmesh/cmd/tunnelmesh/main.go:114.42,116.3 1 0
github.com/tunnelmesh/tunnelmesh/cmd/tunnelmesh/main.go:119.55,123.16 3 0
github.com/tunnelmesh/tunnelmesh/cmd/tunnelmesh/main.go:123.16,125.3 1 0
github.com/tunnelmesh/tunnelmesh/cmd/tunnelmesh/main.go:127.2,131.44 3 0
github.com/tunnelmesh/tunnelmesh/cmd/tunnelmesh/main.go:131.44,134.3 2 0
github.com/tunnelmesh/tunnelmesh/cmd/tunnelmesh/main.go:136.2,136.56 1 0
github.com/tunnelmesh/tunnelmesh/cmd/tunnelmesh/main.go:136.56,138.3 1 0
github.com/tunnelmesh/tunnelmesh/cmd/tunnelmesh/main.go:140.2,142.12 3 0
github.com/tunnelmesh/tunnelmesh/cmd/tunnelmesh/main.go:145.55,149.16 3 0
github.com/tunnelmesh/tunnelmesh/cmd/tunnelmesh/main.go:149.16,151.3 1 0
github.com/tunnelmesh/tunnelmesh/cmd/tunnelmesh/main.go:154.2,154.21 1 0
github.com/tunnelmesh/tunnelmesh/cmd/tunnelmesh/main.go:154.21,156.3 1 0
github.com/tunnelmesh/tunnelmesh/cmd/tunnelmesh/main.go:157.2,157.21 1 0
github.com/tunnelmesh/tunnelmesh/cmd/tunnelmesh/main.go:157.21,159.3 1 0
github.com/tunnelmesh/tunnelmesh/cmd/tunnelmesh/main.go:160.2,160.20 1 0
github.com/tunnelmesh/tunnelmesh/cmd/tunnelmesh/main.go:160.20,162.3 1 0
github.com/tunnelmesh/tunnelmesh/cmd/tunnelmesh/main.go:164.2,164.63 1 0
github.com/tunnelmesh/tunnelmesh/cmd/tunnelmesh/main.go:164.63,166.3 1 0
github.com/tunnelmesh/tunnelmesh/cmd/tunnelmesh/main.go:169.2,170.16 2 0
github.com/tunnelmesh/tunnelmesh/cmd/tunnelmesh/main.go:170.16,172.3 1 0
github.com/tunnelmesh/tunnelmesh/cmd/tunnelmesh/main.go:174.2,188.16 7 0
github.com/tunnelmesh/tunnelmesh/cmd/tunnelmesh/main.go:188.16,190.3 1 0
github.com/tunnelmesh/tunnelmesh/cmd/tunnelmesh/main.go:192.2,200.21 3 0
github.com/tunnelmesh/tunnelmesh/cmd/tunnelmesh/main.go:200.21,204.51 2 0
github.com/tunnelmesh/tunnelmesh/cmd/tunnelmesh/main.go:204.51,206.4 1 0
github.com/tunnelmesh/tunnelmesh/cmd/tunnelmesh/main.go:208.3,208.13 1 0
github.com/tunnelmesh/tunnelmesh/cmd/tunnelmesh/main.go:208.13,209.66 1 0
github.com/tunnelmesh/tunnelmesh/cmd/tunnelmesh/main.go:209.66,211.5 1 0
github.com/tunnelmesh/tunnelmesh/cmd/tunnelmesh/main.go:213.3,213.69 1 0
github.com/tunnelmesh/tunnelmesh/cmd/tunnelmesh/main.go:217.2,230.52 8 0
github.com/tunnelmesh/tunnelmesh/cmd/tunnelmesh/main.go:230.52,232.3 1 0
github.com/tunnelmesh/tunnelmesh/cmd/tunnelmesh/main.go:232.8,234.3 1 0
github.com/tunnelmesh/tunnelmesh/cmd/tunnelmesh/main.go:236.2,236.21 1 0
github.com/tunnelmesh/tunnelmesh/cmd/tunnelmesh/main.go:236.21,238.3 1 0
github.com/tunnelmesh/tunnelmesh/cmd/tunnelmesh/main.go:240.2,240.12 1 0
github.com/tunnelmesh/tunnelmesh/cmd/tunnelmesh/main.go:243.57,248.2 4 0
github.com/tunnelmesh/tunnelmesh/cmd/tunnelmesh/main.go:250.56,254.16 3 0
github.com/tunnelmesh/tunnelmesh/cmd/tunnelmesh/main.go:254.16,256.3 1 0
github.com/tunnelmesh/tunnelmesh/cmd/tunnelmesh/main.go:258.2,260.16 3 0
github.com/tunnelmesh/tunnelmesh/cmd/tunnelmesh/main.go:260.16,262.3 1 0
github.com/tunnelmesh/tunnelmesh/cmd/tunnelmesh/main.go:264.2,264.21 1 0
github.com/tunnelmesh/tunnelmesh/cmd/tunnelmesh/main.go:264.21,267.3 2 0
github.com/tunnelmesh/tunnelmesh/cmd/tunnelmesh/main.go:269.2,272.26 3 0
github.com/tunnelmesh/tunnelmesh/cmd/tunnelmesh/main.go:272.26,274.27 2 0
github.com/tunnelmesh/tunnelmesh/cmd/tunnelmesh/main.go:274.27,276.4 1 0
github.com/tunnelmesh/tunnelmesh/cmd/tunnelmesh/main.go:277.3,278.77 2 0
github.com/tunnelmesh/tunnelmesh/cmd/tunnelmesh/main.go:281.2,281.12 1 0
github.com/tunnelmesh/tunnelmesh/cmd/tunnelmesh/main.go:284.58,288.16 3 0
github.com/tunnelmesh/tunnelmesh/cmd/tunnelmesh/main.go:288.16,290.3 1 0
github.com/tunnelmesh/tunnelmesh/cmd/tunnelmesh/main.go:292.2,296.16 4 0
github.com/tunnelmesh/tunnelmesh/cmd/tunnelmesh/main.go:296.16,298.3 1 0
github.com/tunnelmesh/tunnelmesh/cmd/tunnelmesh/main.go:300.2,300.28 1 0
github.com/tunnelmesh/tunnelmesh/cmd/tunnelmesh/main.go:300.28,301.29 1 0
github.com/tunnelmesh/tunnelmesh/cmd/tunnelmesh/main.go:301.29,304.4 2 0
github.com/tunnelmesh/tunnelmesh/cmd/tunnelmesh/main.go:307.2,307.55 1 0
github.com/tunnelmesh/tunnelmesh/cmd/tunnelmesh/main.go:310.56,314.16 3 0
github.com/tunnelmesh/tunnelmesh/cmd/tunnelmesh/main.go:314.16,316.3 1 0
github.com/tunnelmesh/tunnelmesh/cmd/tunnelmesh/main.go:318.2,319.52 2 0
github.com/tunnelmesh/tunnelmesh/cmd/tunnelmesh/main.go:319.52,321.3 1 0
github.com/tunnelmesh/tunnelmesh/cmd/tunnelmesh/main.go:323.2,324.12 2 0
github.com/tunnelmesh/tunnelmesh/cmd/tunnelmesh/main.go:327.47,328.19 1 0
github.com/tunnelmesh/tunnelmesh/cmd/tunnelmesh/main.go:328.19,330.3 1 0
github.com/tunnelmesh/tunnelmesh/cmd/tunnelmesh/main.go:333.2,340.32 3 0
github.com/tunnelmesh/tunnelmesh/cmd/tunnelmesh/main.go:340.32,341.42 1 0
github.com/tunnelmesh/tunnelmesh/cmd/tunnelmesh/main.go:341.42,343.4 1 0
github.com/tunnelmesh/tunnelmesh/cmd/tunnelmesh/main.go:347.2,359.8 1 0
github.com/tunnelmesh/tunnelmesh/cmd/tunnelmesh/main.go:362.112,366.6 3 0
github.com/tunnelmesh/tunnelmesh/cmd/tunnelmesh/main.go:366.6,367.10 1 0
github.com/tunnelmesh/tunnelmesh/cmd/tunnelmesh/main.go:368.21,369.10 1 0
github.com/tunnelmesh/tunnelmesh/cmd/tunnelmesh/main.go:370.19,371.57 1 0
github.com/tunnelmesh/tunnelmesh/cmd/tunnelmesh/main.go:371.57,373.13 2 0
github.com/tunnelmesh/tunnelmesh/cmd/tunnelmesh/main.go:377.4,377.23 1 0
github.com/tunnelmesh/tunnelmesh/cmd/tunnelmesh/main.go:377.23,378.53 1 0
github.com/tunnelmesh/tunnelmesh/cmd/tunnelmesh/main.go:378.53,380.6 1 0
github.com/tunnelmesh/tunnelmesh/cmd/tunnelmesh/main.go:386.70,388.16 2 0
github.com/tunnelmesh/tunnelmesh/cmd/tunnelmesh/main.go:388.16,390.3 1 0
github.com/tunnelmesh/tunnelmesh/cmd/tunnelmesh/main.go:392.2,393.28 2 0
github.com/tunnelmesh/tunnelmesh/cmd/tunnelmesh/main.go:393.28,395.3 1 0
github.com/tunnelmesh/tunnelmesh/cmd/tunnelmesh/main.go:397.2,398.12 2 0
github.com/tunnelmesh/tunnelmesh/cmd/tunnelmesh/main.go:401.21,405.16 3 0
github.com/tunnelmesh/tunnelmesh/cmd/tunnelmesh/main.go:405.16,407.3 1 0
github.com/tunnelmesh/tunnelmesh/cmd/tunnelmesh/main.go:408.2,410.64 2 0
github.com/tunnelmesh/tunnelmesh/testutil/testutil.go:19.45,22.16 3 0
github.com/tunnelmesh/tunnelmesh/testutil/testutil.go:22.16,24.3 1 0
github.com/tunnelmesh/tunnelmesh/testutil/testutil.go:25.2,25.21 1 0
github.com/tunnelmesh/tunnelmesh/testutil/testutil.go:25.21,27.3 1 0
github.com/tunnelmesh/tunnelmesh/testutil/testutil.go:31.63,34.66 3 0
github.com/tunnelmesh/tunnelmesh/testutil/testutil.go:34.66,36.3 1 0
github.com/tunnelmesh/tunnelmesh/testutil/testutil.go:37.2,37.13 1 0
github.com/tunnelmesh/tunnelmesh/testutil/testutil.go:42.63,46.16 3 0
github.com/tunnelmesh/tunnelmesh/testutil/testutil.go:46.16,48.3 1 0
github.com/tunnelmesh/tunnelmesh/testutil/testutil.go:50.2,51.16 2 0
github.com/tunnelmesh/tunnelmesh/testutil/testutil.go:51.16,53.3 1 0
github.com/tunnelmesh/tunnelmesh/testutil/testutil.go:56.2,57.16 2 0
github.com/tunnelmesh/tunnelmesh/testutil/testutil.go:57.16,59.3 1 0
github.com/tunnelmesh/tunnelmesh/testutil/testutil.go:62.2,64.26 2 0
github.com/tunnelmesh/tunnelmesh/testutil/testutil.go:69.75,77.64 5 0
github.com/tunnelmesh/tunnelmesh/testutil/testutil.go:77.64,79.3 1 0
github.com/tunnelmesh/tunnelmesh/testutil/testutil.go:81.2,82.62 2 0
github.com/tunnelmesh/tunnelmesh/testutil/testutil.go:82.62,84.3 1 0
github.com/tunnelmesh/tunnelmesh/testutil/testutil.go:86.2,86.26 1 0
github.com/tunnelmesh/tunnelmesh/testutil/testutil.go:90.33,94.16 3 0
github.com/tunnelmesh/tunnelmesh/testutil/testutil.go:94.16,96.3 1 0
github.com/tunnelmesh/tunnelmesh/testutil/testutil.go:98.2,99.16 2 0
github.com/tunnelmesh/tunnelmesh/testutil/testutil.go:99.16,101.3 1 0
github.com/tunnelmesh/tunnelmesh/testutil/testutil.go:102.2,104.37 2 0
github.com/tunnelmesh/tunnelmesh/testutil/testutil.go:116.54,117.22 1 0
github.com/tunnelmesh/tunnelmesh/testutil/testutil.go:117.22,119.3 1 0
github.com/tunnelmesh/tunnelmesh/testutil/testutil.go:120.2,120.26 1 0
github.com/tunnelmesh/tunnelmesh/testutil/testutil.go:120.26,122.3 1 0
github.com/tunnelmesh/tunnelmesh/testutil/testutil.go:123.2,125.15 3 0
github.com/tunnelmesh/tunnelmesh/testutil/testutil.go:128.55,129.23 1 0
github.com/tunnelmesh/tunnelmesh/testutil/testutil.go:129.23,131.3 1 0
github.com/tunnelmesh/tunnelmesh/testutil/testutil.go:132.2,133.20 2 0
github.com/tunnelmesh/tunnelmesh/testutil/testutil.go:136.34,139.2 2 0
github.com/tunnelmesh/tunnelmesh/testutil/testutil.go:141.52,141.112 1 0
github.com/tunnelmesh/tunnelmesh/testutil/testutil.go:142.52,142.112 1 0
github.com/tunnelmesh/tunnelmesh/testutil/testutil.go:143.56,143.70 1 0
github.com/tunnelmesh/tunnelmesh/testutil/testutil.go:144.56,144.70 1 0
github.com/tunnelmesh/tunnelmesh/testutil/testutil.go:145.56,145.70 1 0
github.com/tunnelmesh/tunnelmesh/testutil/testutil.go:148.51,150.2 1 0
github.com/tunnelmesh/tunnelmesh/internal/config/config.go:47.59,49.16 2 4
github.com/tunnelmesh/tunnelmesh/internal/config/config.go:49.16,51.3 1 1
github.com/tunnelmesh/tunnelmesh/internal/config/config.go:53.2,54.50 2 3
github.com/tunnelmesh/tunnelmesh/internal/config/config.go:54.50,56.3 1 1
github.com/tunnelmesh/tunnelmesh/internal/config/config.go:59.2,59.24 1 2
github.com/tunnelmesh/tunnelmesh/internal/config/config.go:59.24,61.3 1 1
github.com/tunnelmesh/tunnelmesh/internal/config/config.go:62.2,62.28 1 2
github.com/tunnelmesh/tunnelmesh/internal/config/config.go:62.28,64.3 1 1
github.com/tunnelmesh/tunnelmesh/internal/config/config.go:66.2,66.17 1 2
github.com/tunnelmesh/tunnelmesh/internal/config/config.go:70.55,72.16 2 3
github.com/tunnelmesh/tunnelmesh/internal/config/config.go:72.16,74.3 1 0
github.com/tunnelmesh/tunnelmesh/internal/config/config.go:76.2,77.50 2 3
github.com/tunnelmesh/tunnelmesh/internal/config/config.go:77.50,79.3 1 0
github.com/tunnelmesh/tunnelmesh/internal/config/config.go:82.2,82.22 1 3
github.com/tunnelmesh/tunnelmesh/internal/config/config.go:82.22,84.3 1 2
github.com/tunnelmesh/tunnelmesh/internal/config/config.go:85.2,85.24 1 3
github.com/tunnelmesh/tunnelmesh/internal/config/config.go:85.24,87.3 1 2
github.com/tunnelmesh/tunnelmesh/internal/config/config.go:88.2,88.22 1 3
github.com/tunnelmesh/tunnelmesh/internal/config/config.go:88.22,90.3 1 2
github.com/tunnelmesh/tunnelmesh/internal/config/config.go:91.2,91.26 1 3
github.com/tunnelmesh/tunnelmesh/internal/config/config.go:91.26,93.3 1 2
github.com/tunnelmesh/tunnelmesh/internal/config/config.go:94.2,94.27 1 3
github.com/tunnelmesh/tunnelmesh/internal/config/config.go:94.27,96.3 1 2
github.com/tunnelmesh/tunnelmesh/internal/config/config.go:98.2,98.61 1 3
github.com/tunnelmesh/tunnelmesh/internal/config/config.go:98.61,100.3 1 2
github.com/tunnelmesh/tunnelmesh/internal/config/config.go:103.2,103.45 1 3
github.com/tunnelmesh/tunnelmesh/internal/config/config.go:103.45,105.17 2 1
github.com/tunnelmesh/tunnelmesh/internal/config/config.go:105.17,107.4 1 1
github.com/tunnelmesh/tunnelmesh/internal/config/config.go:110.2,110.17 1 3
github.com/tunnelmesh/tunnelmesh/internal/config/config.go:114.41,115.20 1 4
github.com/tunnelmesh/tunnelmesh/internal/config/config.go:115.20,117.3 1 1
github.com/tunnelmesh/tunnelmesh/internal/config/config.go:118.2,118.23 1 3
github.com/tunnelmesh/tunnelmesh/internal/config/config.go:118.23,120.3 1 1
github.com/tunnelmesh/tunnelmesh/internal/config/config.go:121.2,121.22 1 2
github.com/tunnelmesh/tunnelmesh/internal/config/config.go:121.22,123.17 2 2
github.com/tunnelmesh/tunnelmesh/internal/config/config.go:123.17,125.4 1 1
github.com/tunnelmesh/tunnelmesh/internal/config/config.go:127.2,127.12 1 1
github.com/tunnelmesh/tunnelmesh/internal/config/config.go:131.39,132.18 1 5
github.com/tunnelmesh/tunnelmesh/internal/config/config.go:132.18,134.3 1 1
github.com/tunnelmesh/tunnelmesh/internal/config/config.go:135.2,135.20 1 4
github.com/tunnelmesh/tunnelmesh/internal/config/config.go:135.20,137.3 1 1
github.com/tunnelmesh/tunnelmesh/internal/config/config.go:138.2,138.41 1 3
github.com/tunnelmesh/tunnelmesh/internal/config/config.go:138.41,140.3 1 1
github.com/tunnelmesh/tunnelmesh/internal/config/config.go:141.2,141.42 1 2
github.com/tunnelmesh/tunnelmesh/internal/config/config.go:141.42,143.3 1 1
github.com/tunnelmesh/tunnelmesh/internal/config/config.go:144.2,144.12 1 1
github.com/tunnelmesh/tunnelmesh/internal/config/keys.go:20.45,23.16 2 2
github.com/tunnelmesh/tunnelmesh/internal/config/keys.go:23.16,25.3 1 0
github.com/tunnelmesh/tunnelmesh/internal/config/keys.go:28.2,29.16 2 2
github.com/tunnelmesh/tunnelmesh/internal/config/keys.go:29.16,31.3 1 0
github.com/tunnelmesh/tunnelmesh/internal/config/keys.go:33.2,34.16 2 2
github.com/tunnelmesh/tunnelmesh/internal/config/keys.go:34.16,36.3 1 0
github.com/tunnelmesh/tunnelmesh/internal/config/keys.go:39.2,42.66 2 2
github.com/tunnelmesh/tunnelmesh/internal/config/keys.go:42.66,44.3 1 0
github.com/tunnelmesh/tunnelmesh/internal/config/keys.go:47.2,47.63 1 2
github.com/tunnelmesh/tunnelmesh/internal/config/keys.go:47.63,49.3 1 0
github.com/tunnelmesh/tunnelmesh/internal/config/keys.go:52.2,54.62 3 2
github.com/tunnelmesh/tunnelmesh/internal/config/keys.go:54.62,56.3 1 0
github.com/tunnelmesh/tunnelmesh/internal/config/keys.go:58.2,58.12 1 2
github.com/tunnelmesh/tunnelmesh/internal/config/keys.go:62.54,64.16 2 7
github.com/tunnelmesh/tunnelmesh/internal/config/keys.go:64.16,66.3 1 2
github.com/tunnelmesh/tunnelmesh/internal/config/keys.go:68.2,69.16 2 5
github.com/tunnelmesh/tunnelmesh/internal/config/keys.go:69.16,71.3 1 1
github.com/tunnelmesh/tunnelmesh/internal/config/keys.go:73.2,73.20 1 4
github.com/tunnelmesh/tunnelmesh/internal/config/keys.go:77.63,79.16 2 3
github.com/tunnelmesh/tunnelmesh/internal/config/keys.go:79.16,81.3 1 0
github.com/tunnelmesh/tunnelmesh/internal/config/keys.go:82.2,87.21 4 3
github.com/tunnelmesh/tunnelmesh/internal/config/keys.go:87.21,89.49 2 4
github.com/tunnelmesh/tunnelmesh/internal/config/keys.go:89.49,90.12 1 1
github.com/tunnelmesh/tunnelmesh/internal/config/keys.go:93.3,94.17 2 3
github.com/tunnelmesh/tunnelmesh/internal/config/keys.go:94.17,96.12 1 0
github.com/tunnelmesh/tunnelmesh/internal/config/keys.go:98.3,98.30 1 3
github.com/tunnelmesh/tunnelmesh/internal/config/keys.go:101.2,101.38 1 3
github.com/tunnelmesh/tunnelmesh/internal/config/keys.go:101.38,103.3 1 0
github.com/tunnelmesh/tunnelmesh/internal/config/keys.go:105.2,105.18 1 3
github.com/tunnelmesh/tunnelmesh/internal/config/keys.go:109.63,112.16 2 2
github.com/tunnelmesh/tunnelmesh/internal/config/keys.go:112.16,114.3 1 1
github.com/tunnelmesh/tunnelmesh/internal/config/keys.go:117.2,117.73 1 1
github.com/tunnelmesh/tunnelmesh/internal/config/keys.go:117.73,118.51 1 1
github.com/tunnelmesh/tunnelmesh/internal/config/keys.go:118.51,120.4 1 0
github.com/tunnelmesh/tunnelmesh/internal/config/keys.go:121.3,121.34 1 1
github.com/tunnelmesh/tunnelmesh/internal/config/keys.go:124.2,124.17 1 0
github.com/tunnelmesh/tunnelmesh/internal/config/keys.go:128.56,131.2 2 1
github.com/tunnelmesh/tunnelmesh/internal/dns/resolver.go:24.52,31.2 1 8
github.com/tunnelmesh/tunnelmesh/internal/dns/resolver.go:34.51,46.2 5 9
github.com/tunnelmesh/tunnelmesh/internal/dns/resolver.go:49.50,59.2 5 1
github.com/tunnelmesh/tunnelmesh/internal/dns/resolver.go:62.61,67.36 4 1
github.com/tunnelmesh/tunnelmesh/internal/dns/resolver.go:67.36,70.3 2 2
github.com/tunnelmesh/tunnelmesh/internal/dns/resolver.go:72.2,74.29 1 1
github.com/tunnelmesh/tunnelmesh/internal/dns/resolver.go:78.60,85.2 5 12
github.com/tunnelmesh/tunnelmesh/internal/dns/resolver.go:88.52,93.30 4 1
github.com/tunnelmesh/tunnelmesh/internal/dns/resolver.go:93.30,95.3 1 2
github.com/tunnelmesh/tunnelmesh/internal/dns/resolver.go:96.2,96.15 1 1
github.com/tunnelmesh/tunnelmesh/internal/dns/resolver.go:100.54,114.2 4 2
github.com/tunnelmesh/tunnelmesh/internal/dns/resolver.go:117.37,118.21 1 2
github.com/tunnelmesh/tunnelmesh/internal/dns/resolver.go:118.21,120.3 1 2
github.com/tunnelmesh/tunnelmesh/internal/dns/resolver.go:121.2,121.12 1 0
github.com/tunnelmesh/tunnelmesh/internal/dns/resolver.go:124.66,129.33 4 2
github.com/tunnelmesh/tunnelmesh/internal/dns/resolver.go:129.33,130.54 1 2
github.com/tunnelmesh/tunnelmesh/internal/dns/resolver.go:130.54,131.12 1 0
github.com/tunnelmesh/tunnelmesh/internal/dns/resolver.go:135.3,139.10 4 2
github.com/tunnelmesh/tunnelmesh/internal/dns/resolver.go:139.10,141.12 2 1
github.com/tunnelmesh/tunnelmesh/internal/dns/resolver.go:144.3,144.27 1 1
github.com/tunnelmesh/tunnelmesh/internal/dns/resolver.go:144.27,155.4 2 1
github.com/tunnelmesh/tunnelmesh/internal/dns/resolver.go:158.2,158.52 1 2
github.com/tunnelmesh/tunnelmesh/internal/dns/resolver.go:158.52,160.3 1 1
github.com/tunnelmesh/tunnelmesh/internal/dns/resolver.go:162.2,162.18 1 2
github.com/tunnelmesh/tunnelmesh/internal/dns/resolver.go:165.56,169.2 3 26
github.com/tunnelmesh/tunnelmesh/internal/tunnel/tunnel.go:34.82,36.95 1 3
github.com/tunnelmesh/tunnelmesh/internal/tunnel/tunnel.go:36.95,38.46 2 3
github.com/tunnelmesh/tunnelmesh/internal/tunnel/tunnel.go:38.46,39.57 1 3
github.com/tunnelmesh/tunnelmesh/internal/tunnel/tunnel.go:39.57,45.6 1 3
github.com/tunnelmesh/tunnelmesh/internal/tunnel/tunnel.go:47.4,47.48 1 0
github.com/tunnelmesh/tunnelmesh/internal/tunnel/tunnel.go:50.2,52.35 2 3
github.com/tunnelmesh/tunnelmesh/internal/tunnel/tunnel.go:56.67,58.16 2 3
github.com/tunnelmesh/tunnelmesh/internal/tunnel/tunnel.go:58.16,60.3 1 0
github.com/tunnelmesh/tunnelmesh/internal/tunnel/tunnel.go:63.2,75.8 3 3
github.com/tunnelmesh/tunnelmesh/internal/tunnel/tunnel.go:79.58,82.2 0 0
github.com/tunnelmesh/tunnelmesh/internal/tunnel/tunnel.go:91.72,96.2 1 1
github.com/tunnelmesh/tunnelmesh/internal/tunnel/tunnel.go:99.63,110.16 3 1
github.com/tunnelmesh/tunnelmesh/internal/tunnel/tunnel.go:110.16,112.3 1 0
github.com/tunnelmesh/tunnelmesh/internal/tunnel/tunnel.go:114.2,118.20 2 1
github.com/tunnelmesh/tunnelmesh/internal/tunnel/tunnel.go:121.59,122.22 1 1
github.com/tunnelmesh/tunnelmesh/internal/tunnel/tunnel.go:122.22,125.3 1 0
github.com/tunnelmesh/tunnelmesh/internal/tunnel/tunnel.go:127.2,127.73 1 1
github.com/tunnelmesh/tunnelmesh/internal/tunnel/tunnel.go:127.73,128.59 1 1
github.com/tunnelmesh/tunnelmesh/internal/tunnel/tunnel.go:128.59,130.4 1 0
github.com/tunnelmesh/tunnelmesh/internal/tunnel/tunnel.go:131.3,131.13 1 1
github.com/tunnelmesh/tunnelmesh/internal/tunnel/tunnel.go:144.62,149.2 1 0
github.com/tunnelmesh/tunnelmesh/internal/tunnel/tunnel.go:152.46,154.2 1 0
github.com/tunnelmesh/tunnelmesh/internal/tunnel/tunnel.go:157.47,159.2 1 0
github.com/tunnelmesh/tunnelmesh/internal/tunnel/tunnel.go:162.32,166.14 3 0
github.com/tunnelmesh/tunnelmesh/internal/tunnel/tunnel.go:166.14,168.3 1 0
github.com/tunnelmesh/tunnelmesh/internal/tunnel/tunnel.go:169.2,171.26 2 0
github.com/tunnelmesh/tunnelmesh/internal/tunnel/tunnel.go:175.36,177.2 1 0
github.com/tunnelmesh/tunnelmesh/internal/tunnel/tunnel.go:186.40,190.2 1 0
github.com/tunnelmesh/tunnelmesh/internal/tunnel/tunnel.go:193.58,198.41 3 0
github.com/tunnelmesh/tunnelmesh/internal/tunnel/tunnel.go:198.41,200.3 1 0
github.com/tunnelmesh/tunnelmesh/internal/tunnel/tunnel.go:202.2,203.51 2 0
github.com/tunnelmesh/tunnelmesh/internal/tunnel/tunnel.go:207.58,213.2 4 0
github.com/tunnelmesh/tunnelmesh/internal/tunnel/tunnel.go:216.45,220.39 3 0
github.com/tunnelmesh/tunnelmesh/internal/tunnel/tunnel.go:220.39,224.3 3 0
github.com/tunnelmesh/tunnelmesh/internal/tunnel/tunnel.go:228.41,233.30 4 0
github.com/tunnelmesh/tunnelmesh/internal/tunnel/tunnel.go:233.30,235.3 1 0
github.com/tunnelmesh/tunnelmesh/internal/tunnel/tunnel.go:236.2,236.14 1 0
github.com/tunnelmesh/tunnelmesh/internal/tunnel/tunnel.go:240.36,244.38 3 0
github.com/tunnelmesh/tunnelmesh/internal/tunnel/tunnel.go:244.38,247.3 2 0
github.com/tunnelmesh/tunnelmesh/internal/tunnel/tunnel.go:248.2,248.39 1 0
github.com/tunnelmesh/tunnelmesh/internal/coord/client.go:22.51,30.2 1 5
github.com/tunnelmesh/tunnelmesh/internal/coord/client.go:33.129,43.16 3 6
github.com/tunnelmesh/tunnelmesh/internal/coord/client.go:43.16,45.3 1 0
github.com/tunnelmesh/tunnelmesh/internal/coord/client.go:47.2,48.16 2 6
github.com/tunnelmesh/tunnelmesh/internal/coord/client.go:48.16,50.3 1 0
github.com/tunnelmesh/tunnelmesh/internal/coord/client.go:51.2,53.38 2 6
github.com/tunnelmesh/tunnelmesh/internal/coord/client.go:53.38,55.3 1 0
github.com/tunnelmesh/tunnelmesh/internal/coord/client.go:57.2,58.67 2 6
github.com/tunnelmesh/tunnelmesh/internal/coord/client.go:58.67,60.3 1 0
github.com/tunnelmesh/tunnelmesh/internal/coord/client.go:62.2,62.21 1 6
github.com/tunnelmesh/tunnelmesh/internal/coord/client.go:66.52,68.16 2 3
github.com/tunnelmesh/tunnelmesh/internal/coord/client.go:68.16,70.3 1 0
github.com/tunnelmesh/tunnelmesh/internal/coord/client.go:71.2,73.38 2 3
github.com/tunnelmesh/tunnelmesh/internal/coord/client.go:73.38,75.3 1 0
github.com/tunnelmesh/tunnelmesh/internal/coord/client.go:77.2,78.67 2 3
github.com/tunnelmesh/tunnelmesh/internal/coord/client.go:78.67,80.3 1 0
github.com/tunnelmesh/tunnelmesh/internal/coord/client.go:82.2,82.26 1 3
github.com/tunnelmesh/tunnelmesh/internal/coord/client.go:86.58,93.16 3 1
github.com/tunnelmesh/tunnelmesh/internal/coord/client.go:93.16,95.3 1 0
github.com/tunnelmesh/tunnelmesh/internal/coord/client.go:97.2,98.16 2 1
github.com/tunnelmesh/tunnelmesh/internal/coord/client.go:98.16,100.3 1 0
github.com/tunnelmesh/tunnelmesh/internal/coord/client.go:101.2,103.38 2 1
github.com/tunnelmesh/tunnelmesh/internal/coord/client.go:103.38,105.3 1 0
github.com/tunnelmesh/tunnelmesh/internal/coord/client.go:107.2,107.12 1 1
github.com/tunnelmesh/tunnelmesh/internal/coord/client.go:111.48,113.16 2 1
github.com/tunnelmesh/tunnelmesh/internal/coord/client.go:113.16,115.3 1 0
github.com/tunnelmesh/tunnelmesh/internal/coord/client.go:116.2,118.38 2 1
github.com/tunnelmesh/tunnelmesh/internal/coord/client.go:118.38,120.3 1 0
github.com/tunnelmesh/tunnelmesh/internal/coord/client.go:122.2,122.12 1 1
github.com/tunnelmesh/tunnelmesh/internal/coord/client.go:126.61,128.16 2 1
github.com/tunnelmesh/tunnelmesh/internal/coord/client.go:128.16,130.3 1 0
github.com/tunnelmesh/tunnelmesh/internal/coord/client.go:131.2,133.38 2 1
github.com/tunnelmesh/tunnelmesh/internal/coord/client.go:133.38,135.3 1 0
github.com/tunnelmesh/tunnelmesh/internal/coord/client.go:137.2,138.67 2 1
github.com/tunnelmesh/tunnelmesh/internal/coord/client.go:138.67,140.3 1 0
github.com/tunnelmesh/tunnelmesh/internal/coord/client.go:142.2,142.28 1 1
github.com/tunnelmesh/tunnelmesh/internal/coord/client.go:145.86,147.17 2 12
github.com/tunnelmesh/tunnelmesh/internal/coord/client.go:147.17,149.3 1 7
github.com/tunnelmesh/tunnelmesh/internal/coord/client.go:151.2,152.16 2 12
github.com/tunnelmesh/tunnelmesh/internal/coord/client.go:152.16,154.3 1 0
github.com/tunnelmesh/tunnelmesh/internal/coord/client.go:156.2,157.17 2 12
github.com/tunnelmesh/tunnelmesh/internal/coord/client.go:157.17,159.3 1 7
github.com/tunnelmesh/tunnelmesh/internal/coord/client.go:161.2,161.25 1 12
github.com/tunnelmesh/tunnelmesh/internal/coord/client.go:164.56,168.80 3 0
github.com/tunnelmesh/tunnelmesh/internal/coord/client.go:168.80,170.3 1 0
github.com/tunnelmesh/tunnelmesh/internal/coord/client.go:172.2,172.87 1 0
github.com/tunnelmesh/tunnelmesh/internal/coord/server.go:36.56,38.16 2 14
github.com/tunnelmesh/tunnelmesh/internal/coord/server.go:38.16,40.3 1 0
github.com/tunnelmesh/tunnelmesh/internal/coord/server.go:42.2,46.8 1 14
github.com/tunnelmesh/tunnelmesh/internal/coord/server.go:49.50,55.15 4 16
github.com/tunnelmesh/tunnelmesh/internal/coord/server.go:55.15,57.3 1 0
github.com/tunnelmesh/tunnelmesh/internal/coord/server.go:59.2,65.40 4 16
github.com/tunnelmesh/tunnelmesh/internal/coord/server.go:65.40,68.24 3 16
github.com/tunnelmesh/tunnelmesh/internal/coord/server.go:68.24,70.4 1 0
github.com/tunnelmesh/tunnelmesh/internal/coord/server.go:72.3,80.21 3 16
github.com/tunnelmesh/tunnelmesh/internal/coord/server.go:80.21,83.4 2 16
github.com/tunnelmesh/tunnelmesh/internal/coord/server.go:86.2,86.52 1 0
github.com/tunnelmesh/tunnelmesh/internal/coord/server.go:89.42,93.2 3 2
github.com/tunnelmesh/tunnelmesh/internal/coord/server.go:96.59,98.16 2 14
github.com/tunnelmesh/tunnelmesh/internal/coord/server.go:98.16,100.3 1 0
github.com/tunnelmesh/tunnelmesh/internal/coord/server.go:102.2,111.17 3 14
github.com/tunnelmesh/tunnelmesh/internal/coord/server.go:114.32,121.2 6 14
github.com/tunnelmesh/tunnelmesh/internal/coord/server.go:123.68,125.2 1 31
github.com/tunnelmesh/tunnelmesh/internal/coord/server.go:127.67,128.54 1 70
github.com/tunnelmesh/tunnelmesh/internal/coord/server.go:128.54,130.17 2 30
github.com/tunnelmesh/tunnelmesh/internal/coord/server.go:130.17,133.4 2 1
github.com/tunnelmesh/tunnelmesh/internal/coord/server.go:136.3,137.46 2 29
github.com/tunnelmesh/tunnelmesh/internal/coord/server.go:137.46,140.4 2 0
github.com/tunnelmesh/tunnelmesh/internal/coord/server.go:142.3,142.34 1 29
github.com/tunnelmesh/tunnelmesh/internal/coord/server.go:142.34,145.4 2 1
github.com/tunnelmesh/tunnelmesh/internal/coord/server.go:147.3,147.13 1 28
github.com/tunnelmesh/tunnelmesh/internal/coord/server.go:151.71,154.2 2 1
github.com/tunnelmesh/tunnelmesh/internal/coord/server.go:156.73,157.33 1 17
github.com/tunnelmesh/tunnelmesh/internal/coord/server.go:157.33,160.3 2 0
github.com/tunnelmesh/tunnelmesh/internal/coord/server.go:162.2,163.61 2 17
github.com/tunnelmesh/tunnelmesh/internal/coord/server.go:163.61,166.3 2 0
github.com/tunnelmesh/tunnelmesh/internal/coord/server.go:168.2,175.12 5 17
github.com/tunnelmesh/tunnelmesh/internal/coord/server.go:175.12,178.3 1 1
github.com/tunnelmesh/tunnelmesh/internal/coord/server.go:178.8,182.17 3 16
github.com/tunnelmesh/tunnelmesh/internal/coord/server.go:182.17,185.4 2 0
github.com/tunnelmesh/tunnelmesh/internal/coord/server.go:188.2,214.33 7 17
github.com/tunnelmesh/tunnelmesh/internal/coord/server.go:217.70,218.32 1 6
github.com/tunnelmesh/tunnelmesh/internal/coord/server.go:218.32,221.3 2 0
github.com/tunnelmesh/tunnelmesh/internal/coord/server.go:223.2,227.28 4 6
github.com/tunnelmesh/tunnelmesh/internal/coord/server.go:227.28,229.3 1 4
github.com/tunnelmesh/tunnelmesh/internal/coord/server.go:231.2,233.33 3 6
github.com/tunnelmesh/tunnelmesh/internal/coord/server.go:236.75,239.16 2 2
github.com/tunnelmesh/tunnelmesh/internal/coord/server.go:239.16,242.3 2 0
github.com/tunnelmesh/tunnelmesh/internal/coord/server.go:244.2,244.18 1 2
github.com/tunnelmesh/tunnelmesh/internal/coord/server.go:245.22,250.14 4 0
github.com/tunnelmesh/tunnelmesh/internal/coord/server.go:250.14,253.4 2 0
github.com/tunnelmesh/tunnelmesh/internal/coord/server.go:255.3,256.34 2 0
github.com/tunnelmesh/tunnelmesh/internal/coord/server.go:258.25,261.13 3 2
github.com/tunnelmesh/tunnelmesh/internal/coord/server.go:261.13,265.4 3 2
github.com/tunnelmesh/tunnelmesh/internal/coord/server.go:266.3,268.14 2 2
github.com/tunnelmesh/tunnelmesh/internal/coord/server.go:268.14,271.4 2 0
github.com/tunnelmesh/tunnelmesh/internal/coord/server.go:273.3,275.63 3 2
github.com/tunnelmesh/tunnelmesh/internal/coord/server.go:277.10,278.68 1 0
github.com/tunnelmesh/tunnelmesh/internal/coord/server.go:282.74,283.33 1 2
github.com/tunnelmesh/tunnelmesh/internal/coord/server.go:283.33,286.3 2 0
github.com/tunnelmesh/tunnelmesh/internal/coord/server.go:288.2,289.61 2 2
github.com/tunnelmesh/tunnelmesh/internal/coord/server.go:289.61,292.3 2 0
github.com/tunnelmesh/tunnelmesh/internal/coord/server.go:294.2,296.12 3 2
github.com/tunnelmesh/tunnelmesh/internal/coord/server.go:296.12,298.3 1 2
github.com/tunnelmesh/tunnelmesh/internal/coord/server.go:299.2,301.13 2 2
github.com/tunnelmesh/tunnelmesh/internal/coord/server.go:301.13,304.3 2 0
github.com/tunnelmesh/tunnelmesh/internal/coord/server.go:306.2,308.33 3 2
github.com/tunnelmesh/tunnelmesh/internal/coord/server.go:311.68,312.32 1 1
github.com/tunnelmesh/tunnelmesh/internal/coord/server.go:312.32,315.3 2 0
github.com/tunnelmesh/tunnelmesh/internal/coord/server.go:317.2,321.39 4 1
github.com/tunnelmesh/tunnelmesh/internal/coord/server.go:321.39,326.3 1 2
github.com/tunnelmesh/tunnelmesh/internal/coord/server.go:328.2,330.33 3 1
github.com/tunnelmesh/tunnelmesh/internal/coord/server.go:333.77,341.2 3 2
github.com/tunnelmesh/tunnelmesh/internal/coord/server.go:344.41,347.2 2 0
github.com/tunnelmesh/tunnelmesh/internal/udpenc/encoder.go:41.39,43.2 1 10
github.com/tunnelmesh/tunnelmesh/internal/udpenc/encoder.go:46.75,47.35 1 12
github.com/tunnelmesh/tunnelmesh/internal/udpenc/encoder.go:47.35,49.3 1 1
github.com/tunnelmesh/tunnelmesh/internal/udpenc/encoder.go:51.2,61.45 7 11
github.com/tunnelmesh/tunnelmesh/internal/udpenc/encoder.go:61.45,63.3 1 0
github.com/tunnelmesh/tunnelmesh/internal/udpenc/encoder.go:66.2,66.22 1 11
github.com/tunnelmesh/tunnelmesh/internal/udpenc/encoder.go:66.22,67.47 1 10
github.com/tunnelmesh/tunnelmesh/internal/udpenc/encoder.go:67.47,69.4 1 0
github.com/tunnelmesh/tunnelmesh/internal/udpenc/encoder.go:72.2,72.39 1 11
github.com/tunnelmesh/tunnelmesh/internal/udpenc/encoder.go:82.39,84.2 1 12
github.com/tunnelmesh/tunnelmesh/internal/udpenc/encoder.go:87.57,93.52 4 14
github.com/tunnelmesh/tunnelmesh/internal/udpenc/encoder.go:93.52,95.3 1 2
github.com/tunnelmesh/tunnelmesh/internal/udpenc/encoder.go:97.2,102.20 4 12
github.com/tunnelmesh/tunnelmesh/internal/udpenc/encoder.go:102.20,104.3 1 0
github.com/tunnelmesh/tunnelmesh/internal/udpenc/encoder.go:106.2,106.21 1 12
github.com/tunnelmesh/tunnelmesh/internal/udpenc/encoder.go:106.21,108.3 1 1
github.com/tunnelmesh/tunnelmesh/internal/udpenc/encoder.go:110.2,111.53 2 11
github.com/tunnelmesh/tunnelmesh/internal/udpenc/encoder.go:111.53,113.3 1 1
github.com/tunnelmesh/tunnelmesh/internal/udpenc/encoder.go:115.2,115.28 1 10
github.com/tunnelmesh/tunnelmesh/internal/udpenc/encoder.go:125.47,127.2 1 1
github.com/tunnelmesh/tunnelmesh/internal/udpenc/encoder.go:131.52,133.16 2 1
github.com/tunnelmesh/tunnelmesh/internal/udpenc/encoder.go:133.16,135.3 1 0
github.com/tunnelmesh/tunnelmesh/internal/udpenc/encoder.go:137.2,138.21 2 1
github.com/tunnelmesh/tunnelmesh/internal/udpenc/encoder.go:138.21,140.3 1 0
github.com/tunnelmesh/tunnelmesh/internal/udpenc/encoder.go:142.2,144.20 3 1
github.com/tunnelmesh/tunnelmesh/internal/udpenc/encoder.go:155.63,160.2 1 1
github.com/tunnelmesh/tunnelmesh/internal/udpenc/encoder.go:163.53,165.16 2 1
github.com/tunnelmesh/tunnelmesh/internal/udpenc/encoder.go:165.16,167.3 1 0
github.com/tunnelmesh/tunnelmesh/internal/udpenc/encoder.go:168.2,168.20 1 1
github.com/tunnelmesh/tunnelmesh/pkg/proto/messages.go:80.56,82.16 2 1
github.com/tunnelmesh/tunnelmesh/pkg/proto/messages.go:82.16,84.3 1 0
github.com/tunnelmesh/tunnelmesh/pkg/proto/messages.go:86.2,86.35 1 1
github.com/tunnelmesh/tunnelmesh/pkg/proto/messages.go:86.35,88.71 1 22
github.com/tunnelmesh/tunnelmesh/pkg/proto/messages.go:88.71,89.12 1 3
github.com/tunnelmesh/tunnelmesh/pkg/proto/messages.go:92.3,93.17 2 19
github.com/tunnelmesh/tunnelmesh/pkg/proto/messages.go:93.17,94.12 1 0
github.com/tunnelmesh/tunnelmesh/pkg/proto/messages.go:97.3,97.30 1 19
github.com/tunnelmesh/tunnelmesh/pkg/proto/messages.go:97.30,99.28 2 14
github.com/tunnelmesh/tunnelmesh/pkg/proto/messages.go:100.20,101.14 1 14
github.com/tunnelmesh/tunnelmesh/pkg/proto/messages.go:102.21,103.14 1 0
github.com/tunnelmesh/tunnelmesh/pkg/proto/messages.go:106.4,106.36 1 14
github.com/tunnelmesh/tunnelmesh/pkg/proto/messages.go:106.36,107.13 1 0
github.com/tunnelmesh/tunnelmesh/pkg/proto/messages.go:111.4,112.18 2 14
github.com/tunnelmesh/tunnelmesh/pkg/proto/messages.go:112.18,113.13 1 12
github.com/tunnelmesh/tunnelmesh/pkg/proto/messages.go:116.4,117.24 2 2
github.com/tunnelmesh/tunnelmesh/pkg/proto/messages.go:117.24,119.5 1 1
github.com/tunnelmesh/tunnelmesh/pkg/proto/messages.go:119.10,121.5 1 1
github.com/tunnelmesh/tunnelmesh/pkg/proto/messages.go:125.2,125.24 1 1
github.com/tunnelmesh/tunnelmesh/pkg/proto/messages.go:129.34,139.28 2 12
github.com/tunnelmesh/tunnelmesh/pkg/proto/messages.go:139.28,140.73 1 30
github.com/tunnelmesh/tunnelmesh/pkg/proto/messages.go:140.73,142.4 1 7
github.com/tunnelmesh/tunnelmesh/pkg/proto/messages.go:144.2,144.14 1 5
github.com/tunnelmesh/tunnelmesh/pkg/proto/messages.go:147.44,150.26 3 53
github.com/tunnelmesh/tunnelmesh/pkg/proto/messages.go:150.26,152.3 1 0
github.com/tunnelmesh/tunnelmesh/pkg/proto/messages.go:153.2,153.25 1 53
github.com/tunnelmesh/tunnelmesh/pkg/proto/messages.go:153.25,154.18 1 94
github.com/tunnelmesh/tunnelmesh/pkg/proto/messages.go:154.18,156.4 1 25
github.com/tunnelmesh/tunnelmesh/pkg/proto/messages.go:157.3,157.18 1 69
github.com/tunnelmesh/tunnelmesh/pkg/proto/messages.go:157.18,159.4 1 24
github.com/tunnelmesh/tunnelmesh/pkg/proto/messages.go:161.2,161.13 1 4
